#
# A fatal error has been detected by the Java Runtime Environment:
#
#  EXCEPTION_ACCESS_VIOLATION (0xc0000005) at pc=0x00007ffb4005faad, pid=804, tid=1792
#
# JRE version: Java(TM) SE Runtime Environment (23.0.1+11) (build 23.0.1+11-39)
# Java VM: Java HotSpot(TM) 64-Bit Server VM (23.0.1+11-39, mixed mode, emulated-client, sharing, tiered, compressed oops, compressed class ptrs, g1 gc, windows-amd64)
# Problematic frame:
# C  [ntdll.dll+0x2faad]
#
# No core dump will be written. Minidumps are not enabled by default on client versions of Windows
#
# If you would like to submit a bug report, please visit:
#   https://bugreport.java.com/bugreport/crash.jsp
#

---------------  S U M M A R Y ------------

Command Line: -Djava.library.path=C:\Users\mv\Downloads\opencv\build\java\x64 -XX:TieredStopAtLevel=1 -Dspring.output.ansi.enabled=always -Dcom.sun.management.jmxremote -Dspring.jmx.enabled=true -Dspring.liveBeansView.mbeanDomain -Dspring.application.admin.enabled=true -Dmanagement.endpoints.jmx.exposure.include=* -javaagent:C:\Program Files\JetBrains\IntelliJ IDEA 2024.3.2\lib\idea_rt.jar=50853:C:\Program Files\JetBrains\IntelliJ IDEA 2024.3.2\bin -Dfile.encoding=UTF-8 -Dsun.stdout.encoding=UTF-8 -Dsun.stderr.encoding=UTF-8 com.example.demo.DemoApplication

Host: Intel(R) Core(TM) i3-3220 CPU @ 3.30GHz, 4 cores, 7G,  Windows 10 , 64 bit Build 19041 (10.0.19041.3636)
Time: Tue Feb 11 10:46:21 2025 India Standard Time elapsed time: 644.831662 seconds (0d 0h 10m 44s)

---------------  T H R E A D  ---------------

Current thread (0x000002668528f1e0):  VMThread "VM Thread"          [id=1792, stack(0x0000007bea300000,0x0000007bea400000) (1024K)]

Stack: [0x0000007bea300000,0x0000007bea400000],  sp=0x0000007bea3feba0,  free space=1018k
Native frames: (J=compiled Java code, j=interpreted, Vv=VM code, C=native code)
C  [ntdll.dll+0x2faad]  (no source info available)
C  [igdrcl64.dll+0x36542]  (no source info available)
C  [igdrcl64.dll+0x31145]  (no source info available)
C  [opencv_java455.dll+0x160f42e]  (no source info available)
C  [opencv_java455.dll+0x160f37d]  (no source info available)
C  [opencv_java455.dll+0x23e73be]  (no source info available)
C  [opencv_java455.dll+0x229da3b]  (no source info available)
C  [opencv_java455.dll+0x229dce1]  (no source info available)
C  [opencv_java455.dll+0x229882c]  (no source info available)
C  [opencv_java455.dll+0x224ab4b]  (no source info available)
C  [opencv_java455.dll+0x224a832]  (no source info available)
C  [opencv_java455.dll+0x224a928]  (no source info available)
C  [ntdll.dll+0x19a1d]  (no source info available)
C  [ntdll.dll+0x5dcda]  (no source info available)
C  [ntdll.dll+0x5da8d]  (no source info available)
C  [KERNEL32.DLL+0x1e3bb]  (no source info available)
C  [ucrtbase.dll+0x205bc]  (no source info available)
C  [ucrtbase.dll+0x2045f]  (no source info available)
V  [jvm.dll+0x6d990c]  (no source info available)
V  [jvm.dll+0x6d9440]  (no source info available)
V  [jvm.dll+0x3da534]  (no source info available)
V  [jvm.dll+0x886720]  (no source info available)
V  [jvm.dll+0x887a47]  (no source info available)
V  [jvm.dll+0x887f78]  (no source info available)
V  [jvm.dll+0x888213]  (no source info available)
V  [jvm.dll+0x824f8b]  (no source info available)
V  [jvm.dll+0x6df065]  (no source info available)
C  [ucrtbase.dll+0x21bb2]  (no source info available)
C  [KERNEL32.DLL+0x17344]  (no source info available)
C  [ntdll.dll+0x526b1]  (no source info available)


siginfo: EXCEPTION_ACCESS_VIOLATION (0xc0000005), writing address 0x0000000000000018


Registers:
RAX=0x0000007be97aa000, RBX=0x0000000000000000, RCX=0x0000000000000010, RDX=0x00000266cd5c7c50
RSP=0x0000007bea3feba0, RBP=0x0000007bea3ff110, RSI=0x0000000000000010, RDI=0x00000266cd5c7c50
R8 =0x0000000000000032, R9 =0x0000000000000032, R10=0x0000000000000032, R11=0x0000007bea3febf0
R12=0x0000026685a84ce0, R13=0x0000000000000040, R14=0x0000026685a85400, R15=0x0000007bea3fedb0
RIP=0x00007ffb4005faad, EFLAGS=0x0000000000010206


Register to memory mapping:

RAX=0x0000007be97aa000 points into unknown readable memory: 0x0000000000000000 | 00 00 00 00 00 00 00 00
RBX=0x0 is null
RCX=0x0000000000000010 is an unknown value
RDX=0x00000266cd5c7c50 points into unknown readable memory: 0x00007ffb17c6ffa0 | a0 ff c6 17 fb 7f 00 00
RSP=0x0000007bea3feba0 points into unknown readable memory: 0x00000266f2cd0000 | 00 00 cd f2 66 02 00 00
RBP=0x0000007bea3ff110 points into unknown readable memory: 0x0000007bea3ff2a9 | a9 f2 3f ea 7b 00 00 00
RSI=0x0000000000000010 is an unknown value
RDI=0x00000266cd5c7c50 points into unknown readable memory: 0x00007ffb17c6ffa0 | a0 ff c6 17 fb 7f 00 00
R8 =0x0000000000000032 is an unknown value
R9 =0x0000000000000032 is an unknown value
R10=0x0000000000000032 is an unknown value
R11=0x0000007bea3febf0 points into unknown readable memory: 0x00000266cdf71790 | 90 17 f7 cd 66 02 00 00
R12=0x0000026685a84ce0 points into unknown readable memory: 0x3c5642c59b4e6ffe | fe 6f 4e 9b c5 42 56 3c
R13=0x0000000000000040 is an unknown value
R14=0x0000026685a85400 points into unknown readable memory: 0x00009d459b4190a5 | a5 90 41 9b 45 9d 00 00
R15=0x0000007bea3fedb0 points into unknown readable memory: 0x0000007bea3fedd0 | d0 ed 3f ea 7b 00 00 00

Top of Stack: (sp=0x0000007bea3feba0)
0x0000007bea3feba0:   00000266f2cd0000 00007ffb216b3550
0x0000007bea3febb0:   00000266cb7d6320 00007ffb400547b1
0x0000007bea3febc0:   0000000000000000 00007ffb17ac6542
0x0000007bea3febd0:   0000000000000001 00007ffb216b0000
0x0000007bea3febe0:   00009d3e717e7a35 00007ffb4005358a
0x0000007bea3febf0:   00000266cdf71790 00007ffb17ac1145
0x0000007bea3fec00:   00007ffb216b0000 00000266cd5c7c50
0x0000007bea3fec10:   00000000ffffffff 00007ffb40055ba1
0x0000007bea3fec20:   00000266ce06e7c0 00007ffad91ef42e
0x0000007bea3fec30:   00000266cdf71850 00007ffb00000010
0x0000007bea3fec40:   00007ffb3d9bf020 0000026685d224b0
0x0000007bea3fec50:   0000026685aae3d0 00007ffb00000034
0x0000007bea3fec60:   0000000000000000 00000266cdf71850
0x0000007bea3fec70:   00007ffb3d9bf020 0000026685ead8f0
0x0000007bea3fec80:   00000266f2cd0000 00007ffb216b2b30
0x0000007bea3fec90:   00009d3e717e7c95 00007ffb400807c0
0x0000007bea3feca0:   00000266ce06e7c0 00007ffad91ef37d
0x0000007bea3fecb0:   0000026685aff8b0 00000266cdf71850
0x0000007bea3fecc0:   00007ffadba8b760 00007ffb216b3550
0x0000007bea3fecd0:   fffffffffffffffe 00007ffb400547b1
0x0000007bea3fece0:   00000000ffffffff 00007ffad9fc73be
0x0000007bea3fecf0:   00000266ce06e7c0 00000266ce06e7b0
0x0000007bea3fed00:   00007ffad9fc7390 000087f75cde4671
0x0000007bea3fed10:   0000026685a853f0 00007ffad9e7da3b
0x0000007bea3fed20:   0000026685a84ce0 0000026685aff8b0
0x0000007bea3fed30:   0000026685aff8b0 00007ffb3dcbaa5b
0x0000007bea3fed40:   0000026685a853f0 0000026685a84ce0
0x0000007bea3fed50:   0000026685a84ce0 0000026685a85400
0x0000007bea3fed60:   0000000000000001 0000000000000000
0x0000007bea3fed70:   00007ffadba8b760 00007ffad9e2a9b4
0x0000007bea3fed80:   00009d459b4190a5 00007ffad9e7dce1
0x0000007bea3fed90:   0000000000000000 0000000000000001 

Instructions: (pc=0x00007ffb4005faad)
0x00007ffb4005f9ad:   48 b8 7f 7f 7f 7f 7f 7f 7f 7f 41 8b c8 48 0b cb
0x00007ffb4005f9bd:   48 23 c8 83 e6 1f 49 89 8c f4 40 a5 16 00 48 81
0x00007ffb4005f9cd:   c4 98 00 00 00 41 5f 41 5e 41 5d 41 5c 5f 5e 5b
0x00007ffb4005f9dd:   5d c3 cc 33 d2 41 8b c6 41 f7 f0 44 8b c8 e9 d6
0x00007ffb4005f9ed:   fc ff ff 41 8d 57 ff 41 85 d7 0f 84 13 38 08 00
0x00007ffb4005f9fd:   41 b8 00 10 00 00 41 b9 ff ff 00 00 e9 3c 38 08
0x00007ffb4005fa0d:   00 cc cc cc cc cc cc 48 8b c4 48 89 58 08 48 89
0x00007ffb4005fa1d:   68 10 48 89 70 18 48 89 78 20 41 56 48 83 ec 20
0x00007ffb4005fa2d:   40 8a ea 4c 8d 35 99 d1 13 00 48 8b f1 33 db 48
0x00007ffb4005fa3d:   8d 0d 9d d1 13 00 e8 58 00 00 00 4c 8b 05 81 d1
0x00007ffb4005fa4d:   13 00 4d 3b c6 0f 85 08 3b 08 00 48 85 db 75 33
0x00007ffb4005fa5d:   48 8d 0d 7c d1 13 00 e8 c7 f7 ff ff 48 85 db 0f
0x00007ffb4005fa6d:   85 23 3b 08 00 33 c0 48 8b 5c 24 30 48 8b 6c 24
0x00007ffb4005fa7d:   38 48 8b 74 24 40 48 8b 7c 24 48 48 83 c4 20 41
0x00007ffb4005fa8d:   5e c3 cc f0 ff 43 3c eb c7 cc cc cc cc cc cc cc
0x00007ffb4005fa9d:   cc cc cc 48 83 ec 28 65 48 8b 04 25 30 00 00 00
0x00007ffb4005faad:   f0 0f ba 71 08 00 48 8b 40 48 73 13 48 89 41 10
0x00007ffb4005fabd:   33 c0 c7 41 0c 01 00 00 00 48 83 c4 28 c3 cc 48
0x00007ffb4005facd:   39 41 10 75 0b ff 41 0c 33 c0 48 83 c4 28 c3 cc
0x00007ffb4005fadd:   e8 0e 00 00 00 eb e2 cc cc cc cc cc cc cc cc cc
0x00007ffb4005faed:   cc cc cc 48 89 5c 24 18 55 56 57 41 54 41 55 41
0x00007ffb4005fafd:   56 41 57 48 83 ec 20 8b 41 20 48 8b f1 48 0f ba
0x00007ffb4005fb0d:   e0 1a 0f 82 df 01 00 00 33 ff 40 32 ed 66 83 3c
0x00007ffb4005fb1d:   25 6a 03 fe 7f 01 76 19 48 8b 7e 20 48 8b c7 81
0x00007ffb4005fb2d:   e7 ff ff ff 00 25 00 00 00 02 48 85 c0 40 0f 95
0x00007ffb4005fb3d:   c5 45 32 ff b0 01 45 32 e4 41 bd 01 00 00 00 45
0x00007ffb4005fb4d:   33 c0 ba 6a 03 fe 7f 84 c0 0f 84 14 01 00 00 8b
0x00007ffb4005fb5d:   46 08 4c 8d 4e 08 45 84 e4 41 be 03 00 00 00 45
0x00007ffb4005fb6d:   0f 44 f5 41 84 c5 0f 85 e2 00 00 00 8d 0c bf 03
0x00007ffb4005fb7d:   c9 66 44 39 2a 0f 86 e8 00 00 00 4d 85 c9 74 0e
0x00007ffb4005fb8d:   80 3c 25 97 02 fe 7f 00 0f 85 29 3a 08 00 0f b7
0x00007ffb4005fb9d:   1c 25 d6 02 fe 7f 83 fb 0c 0f 85 a2 00 00 00 b8 


Stack slot to memory mapping:

stack at sp + 0 slots: 0x00000266f2cd0000 points into unknown readable memory: 0x0000000000000000 | 00 00 00 00 00 00 00 00
stack at sp + 1 slots: 0x00007ffb216b3550 pdh.dll
stack at sp + 2 slots: 0x00000266cb7d6320 points into unknown readable memory: 0x0000000000000000 | 00 00 00 00 00 00 00 00
stack at sp + 3 slots: 0x00007ffb400547b1 ntdll.dll
stack at sp + 4 slots: 0x0 is null
stack at sp + 5 slots: 0x00007ffb17ac6542 igdrcl64.dll
stack at sp + 6 slots: 0x0000000000000001 is an unknown value
stack at sp + 7 slots: 0x00007ffb216b0000 pdh.dll

VM_Operation (0x0000007be99fedb0): Exit, mode: safepoint, requested by thread 0x00000266cdc54ea0


---------------  P R O C E S S  ---------------

Threads class SMR info:
_java_thread_list=0x00000266cdf72060, length=17, elements={
0x00000266852ace40, 0x00000266852adf10, 0x00000266852b3d90, 0x00000266852b5140,
0x00000266852b5d50, 0x00000266852b98b0, 0x0000026685280620, 0x0000026685789fc0,
0x000002668578a630, 0x0000026685a582b0, 0x0000026685a88d90, 0x0000026685adcfa0,
0x0000026685af81e0, 0x00000266cc515d40, 0x00000266cdc520b0, 0x00000266cdc52740,
0x00000266cdc54ea0
}

Java Threads: ( => current thread )
  0x00000266852ace40 JavaThread "Reference Handler"          daemon [_thread_blocked, id=2020, stack(0x0000007bea400000,0x0000007bea500000) (1024K)]
  0x00000266852adf10 JavaThread "Finalizer"                  daemon [_thread_blocked, id=6508, stack(0x0000007bea500000,0x0000007bea600000) (1024K)]
  0x00000266852b3d90 JavaThread "Attach Listener"            daemon [_thread_blocked, id=3964, stack(0x0000007bea700000,0x0000007bea800000) (1024K)]
  0x00000266852b5140 JavaThread "Service Thread"             daemon [_thread_blocked, id=1204, stack(0x0000007bea800000,0x0000007bea900000) (1024K)]
  0x00000266852b5d50 JavaThread "Monitor Deflation Thread"   daemon [_thread_blocked, id=3068, stack(0x0000007bea900000,0x0000007beaa00000) (1024K)]
  0x00000266852b98b0 JavaThread "C1 CompilerThread0"         daemon [_thread_blocked, id=9948, stack(0x0000007beaa00000,0x0000007beab00000) (1024K)]
  0x0000026685280620 JavaThread "Common-Cleaner"             daemon [_thread_blocked, id=11008, stack(0x0000007beab00000,0x0000007beac00000) (1024K)]
  0x0000026685789fc0 JavaThread "Monitor Ctrl-Break"         daemon [_thread_in_native, id=10980, stack(0x0000007bead00000,0x0000007beae00000) (1024K)]
  0x000002668578a630 JavaThread "Notification Thread"        daemon [_thread_blocked, id=7260, stack(0x0000007beaf00000,0x0000007beb000000) (1024K)]
  0x0000026685a582b0 JavaThread "RMI TCP Accept-0"           daemon [_thread_in_native, id=5520, stack(0x0000007beb300000,0x0000007beb400000) (1024K)]
  0x0000026685a88d90 JavaThread "RMI TCP Connection(1)-192.168.69.16" daemon [_thread_blocked, id=10364, stack(0x0000007beb400000,0x0000007beb500000) (1024K)]
  0x0000026685adcfa0 JavaThread "JMX server connection timeout 28" daemon [_thread_blocked, id=10884, stack(0x0000007beb600000,0x0000007beb700000) (1024K)]
  0x0000026685af81e0 JavaThread "RMI Scheduler(0)"           daemon [_thread_blocked, id=10268, stack(0x0000007beb700000,0x0000007beb800000) (1024K)]
  0x00000266cc515d40 JavaThread "mysql-cj-abandoned-connection-cleanup" daemon [_thread_blocked, id=9400, stack(0x0000007bebb00000,0x0000007bebc00000) (1024K)]
  0x00000266cdc520b0 JavaThread "DestroyJavaVM"                     [_thread_blocked, id=10396, stack(0x0000007be9c00000,0x0000007be9d00000) (1024K)]
  0x00000266cdc52740 JavaThread "Java2D Disposer"            daemon [_thread_blocked, id=10080, stack(0x0000007bebe00000,0x0000007bebf00000) (1024K)]
  0x00000266cdc54ea0 JavaThread "SIGINT handler"             daemon [_thread_blocked, id=5284, stack(0x0000007be9900000,0x0000007be9a00000) (1024K)]
Total: 17

Other Threads:
=>0x000002668528f1e0 VMThread "VM Thread"                           [id=1792, stack(0x0000007bea300000,0x0000007bea400000) (1024K)]
  0x00000266f5023730 WorkerThread "GC Thread#0"                     [id=10236, stack(0x0000007be9d00000,0x0000007be9e00000) (1024K)]
  0x0000026685971bf0 WorkerThread "GC Thread#1"                     [id=8532, stack(0x0000007beb000000,0x0000007beb100000) (1024K)]
  0x0000026685971fa0 WorkerThread "GC Thread#2"                     [id=10468, stack(0x0000007beb100000,0x0000007beb200000) (1024K)]
  0x000002668597e320 WorkerThread "GC Thread#3"                     [id=6424, stack(0x0000007beb200000,0x0000007beb300000) (1024K)]
  0x00000266f5038230 ConcurrentGCThread "G1 Main Marker"            terminated
  0x00000266f503a9b0 WorkerThread "G1 Conc#0"                       [id=11204, stack(0x0000007be9f00000,0x0000007bea000000) (1024K)]
  0x00000266851434e0 ConcurrentGCThread "G1 Refine#0"               terminated
  0x0000026685145670 ConcurrentGCThread "G1 Service"                terminated
Total: 9

Threads with active compile tasks:
Total: 0

VM state: at safepoint (shutting down)

VM Mutex/Monitor currently owned by a thread:  ([mutex/lock_event])
[0x00007ffadba63910] Threads_lock - owner thread: 0x000002668528f1e0
[0x00007ffadba63a10] Heap_lock - owner thread: 0x00000266cdc54ea0

Heap address: 0x0000000081c00000, size: 2020 MB, Compressed Oops mode: 32-bit

CDS archive(s) mapped at: [0x0000026686000000-0x0000026686d70000-0x0000026686d70000), size 14090240, SharedBaseAddress: 0x0000026686000000, ArchiveRelocationMode: 1.
Compressed class space mapped at: 0x0000026687000000-0x00000266c7000000, reserved size: 1073741824
Narrow klass base: 0x0000026686000000, Narrow klass shift: 0, Narrow klass range: 0x41000000

GC Precious Log:
 CardTable entry size: 512
 Card Set container configuration: InlinePtr #cards 5 size 8 Array Of Cards #cards 10 size 36 Howl #buckets 4 coarsen threshold 1843 Howl Bitmap #cards 512 size 80 coarsen threshold 460 Card regions per heap region 1 cards per card region 2048
 CPUs: 4 total, 4 available
 Memory: 8076M
 Large Page Support: Disabled
 NUMA Support: Disabled
 Compressed Oops: Enabled (32-bit)
 Heap Region Size: 1M
 Heap Min Capacity: 8M
 Heap Initial Capacity: 128M
 Heap Max Capacity: 2020M
 Pre-touch: Disabled
 Parallel Workers: 4
 Concurrent Workers: 1
 Concurrent Refinement Workers: 4
 Periodic GC: Disabled

Heap:
 garbage-first heap   total reserved 2068480K, committed 73728K, used 50488K [0x0000000081c00000, 0x0000000100000000)
  region size 1024K, 21 young (21504K), 2 survivors (2048K)
 Metaspace       used 74552K, committed 75328K, reserved 1114112K
  class space    used 10832K, committed 11136K, reserved 1048576K

Heap Regions: E=young(eden), S=young(survivor), O=old, HS=humongous(starts), HC=humongous(continues), CS=collection set, F=free, TAMS=top-at-mark-start, PB=parsable bottom
|   0|0x0000000081c00000, 0x0000000081d00000, 0x0000000081d00000|100%|HS|  |TAMS 0x0000000081c00000| PB 0x0000000081c00000| Complete |  0
|   1|0x0000000081d00000, 0x0000000081e00000, 0x0000000081e00000|100%|HS|  |TAMS 0x0000000081d00000| PB 0x0000000081d00000| Complete |  0
|   2|0x0000000081e00000, 0x0000000081f00000, 0x0000000081f00000|100%| O|  |TAMS 0x0000000081e00000| PB 0x0000000081e00000| Untracked |  0
|   3|0x0000000081f00000, 0x0000000082000000, 0x0000000082000000|100%| O|  |TAMS 0x0000000081f00000| PB 0x0000000081f00000| Untracked |  0
|   4|0x0000000082000000, 0x0000000082100000, 0x0000000082100000|100%| O|  |TAMS 0x0000000082000000| PB 0x0000000082000000| Untracked |  0
|   5|0x0000000082100000, 0x0000000082200000, 0x0000000082200000|100%| O|  |TAMS 0x0000000082100000| PB 0x0000000082100000| Untracked |  0
|   6|0x0000000082200000, 0x0000000082300000, 0x0000000082300000|100%| O|  |TAMS 0x0000000082200000| PB 0x0000000082200000| Untracked |  0
|   7|0x0000000082300000, 0x0000000082400000, 0x0000000082400000|100%| O|  |TAMS 0x0000000082300000| PB 0x0000000082300000| Untracked |  0
|   8|0x0000000082400000, 0x0000000082500000, 0x0000000082500000|100%| O|  |TAMS 0x0000000082400000| PB 0x0000000082400000| Untracked |  0
|   9|0x0000000082500000, 0x0000000082600000, 0x0000000082600000|100%| O|  |TAMS 0x0000000082500000| PB 0x0000000082500000| Untracked |  0
|  10|0x0000000082600000, 0x0000000082700000, 0x0000000082700000|100%| O|  |TAMS 0x0000000082600000| PB 0x0000000082600000| Untracked |  0
|  11|0x0000000082700000, 0x0000000082800000, 0x0000000082800000|100%| O|  |TAMS 0x0000000082700000| PB 0x0000000082700000| Untracked |  0
|  12|0x0000000082800000, 0x0000000082900000, 0x0000000082900000|100%| O|  |TAMS 0x0000000082800000| PB 0x0000000082800000| Untracked |  0
|  13|0x0000000082900000, 0x0000000082a00000, 0x0000000082a00000|100%| O|  |TAMS 0x0000000082900000| PB 0x0000000082900000| Untracked |  0
|  14|0x0000000082a00000, 0x0000000082b00000, 0x0000000082b00000|100%| O|  |TAMS 0x0000000082a00000| PB 0x0000000082a00000| Untracked |  0
|  15|0x0000000082b00000, 0x0000000082c00000, 0x0000000082c00000|100%| O|  |TAMS 0x0000000082b00000| PB 0x0000000082b00000| Untracked |  0
|  16|0x0000000082c00000, 0x0000000082d00000, 0x0000000082d00000|100%| O|  |TAMS 0x0000000082c00000| PB 0x0000000082c00000| Untracked |  0
|  17|0x0000000082d00000, 0x0000000082e00000, 0x0000000082e00000|100%| O|  |TAMS 0x0000000082d00000| PB 0x0000000082d00000| Untracked |  0
|  18|0x0000000082e00000, 0x0000000082f00000, 0x0000000082f00000|100%| O|  |TAMS 0x0000000082e00000| PB 0x0000000082e00000| Untracked |  0
|  19|0x0000000082f00000, 0x0000000083000000, 0x0000000083000000|100%| O|  |TAMS 0x0000000082f00000| PB 0x0000000082f00000| Untracked |  0
|  20|0x0000000083000000, 0x0000000083100000, 0x0000000083100000|100%| O|  |TAMS 0x0000000083000000| PB 0x0000000083000000| Untracked |  0
|  21|0x0000000083100000, 0x0000000083200000, 0x0000000083200000|100%| O|  |TAMS 0x0000000083100000| PB 0x0000000083100000| Untracked |  0
|  22|0x0000000083200000, 0x0000000083300000, 0x0000000083300000|100%| O|  |TAMS 0x0000000083200000| PB 0x0000000083200000| Untracked |  0
|  23|0x0000000083300000, 0x0000000083400000, 0x0000000083400000|100%| O|  |TAMS 0x0000000083300000| PB 0x0000000083300000| Untracked |  0
|  24|0x0000000083400000, 0x0000000083500000, 0x0000000083500000|100%| O|  |TAMS 0x0000000083400000| PB 0x0000000083400000| Untracked |  0
|  25|0x0000000083500000, 0x0000000083600000, 0x0000000083600000|100%| O|  |TAMS 0x0000000083500000| PB 0x0000000083500000| Untracked |  0
|  26|0x0000000083600000, 0x0000000083700000, 0x0000000083700000|100%| O|  |TAMS 0x0000000083600000| PB 0x0000000083600000| Untracked |  0
|  27|0x0000000083700000, 0x0000000083800000, 0x0000000083800000|100%| O|  |TAMS 0x0000000083700000| PB 0x0000000083700000| Untracked |  0
|  28|0x0000000083800000, 0x0000000083900000, 0x0000000083900000|100%| O|  |TAMS 0x0000000083800000| PB 0x0000000083800000| Untracked |  0
|  29|0x0000000083900000, 0x000000008397adc8, 0x0000000083a00000| 47%| O|  |TAMS 0x0000000083900000| PB 0x0000000083900000| Untracked |  0
|  30|0x0000000083a00000, 0x0000000083a00000, 0x0000000083b00000|  0%| F|  |TAMS 0x0000000083a00000| PB 0x0000000083a00000| Untracked |  0
|  31|0x0000000083b00000, 0x0000000083c00000, 0x0000000083c00000|100%| O|  |TAMS 0x0000000083b00000| PB 0x0000000083b00000| Untracked |  0
|  32|0x0000000083c00000, 0x0000000083c00000, 0x0000000083d00000|  0%| F|  |TAMS 0x0000000083c00000| PB 0x0000000083c00000| Untracked |  0
|  33|0x0000000083d00000, 0x0000000083d00000, 0x0000000083e00000|  0%| F|  |TAMS 0x0000000083d00000| PB 0x0000000083d00000| Untracked |  0
|  34|0x0000000083e00000, 0x0000000083e00000, 0x0000000083f00000|  0%| F|  |TAMS 0x0000000083e00000| PB 0x0000000083e00000| Untracked |  0
|  35|0x0000000083f00000, 0x0000000083f00000, 0x0000000084000000|  0%| F|  |TAMS 0x0000000083f00000| PB 0x0000000083f00000| Untracked |  0
|  36|0x0000000084000000, 0x0000000084000000, 0x0000000084100000|  0%| F|  |TAMS 0x0000000084000000| PB 0x0000000084000000| Untracked |  0
|  37|0x0000000084100000, 0x0000000084100000, 0x0000000084200000|  0%| F|  |TAMS 0x0000000084100000| PB 0x0000000084100000| Untracked |  0
|  38|0x0000000084200000, 0x00000000842d32e8, 0x0000000084300000| 82%| S|CS|TAMS 0x0000000084200000| PB 0x0000000084200000| Complete |  0
|  39|0x0000000084300000, 0x0000000084400000, 0x0000000084400000|100%| S|CS|TAMS 0x0000000084300000| PB 0x0000000084300000| Complete |  0
|  40|0x0000000084400000, 0x0000000084400000, 0x0000000084500000|  0%| F|  |TAMS 0x0000000084400000| PB 0x0000000084400000| Untracked |  0
|  41|0x0000000084500000, 0x0000000084500000, 0x0000000084600000|  0%| F|  |TAMS 0x0000000084500000| PB 0x0000000084500000| Untracked |  0
|  42|0x0000000084600000, 0x0000000084600000, 0x0000000084700000|  0%| F|  |TAMS 0x0000000084600000| PB 0x0000000084600000| Untracked |  0
|  43|0x0000000084700000, 0x0000000084700000, 0x0000000084800000|  0%| F|  |TAMS 0x0000000084700000| PB 0x0000000084700000| Untracked |  0
|  44|0x0000000084800000, 0x0000000084800000, 0x0000000084900000|  0%| F|  |TAMS 0x0000000084800000| PB 0x0000000084800000| Untracked |  0
|  45|0x0000000084900000, 0x0000000084900000, 0x0000000084a00000|  0%| F|  |TAMS 0x0000000084900000| PB 0x0000000084900000| Untracked |  0
|  46|0x0000000084a00000, 0x0000000084a00000, 0x0000000084b00000|  0%| F|  |TAMS 0x0000000084a00000| PB 0x0000000084a00000| Untracked |  0
|  47|0x0000000084b00000, 0x0000000084b00000, 0x0000000084c00000|  0%| F|  |TAMS 0x0000000084b00000| PB 0x0000000084b00000| Untracked |  0
|  48|0x0000000084c00000, 0x0000000084c00000, 0x0000000084d00000|  0%| F|  |TAMS 0x0000000084c00000| PB 0x0000000084c00000| Untracked |  0
|  49|0x0000000084d00000, 0x0000000084d00000, 0x0000000084e00000|  0%| F|  |TAMS 0x0000000084d00000| PB 0x0000000084d00000| Untracked |  0
|  50|0x0000000084e00000, 0x0000000084e00000, 0x0000000084f00000|  0%| F|  |TAMS 0x0000000084e00000| PB 0x0000000084e00000| Untracked |  0
|  51|0x0000000084f00000, 0x0000000084f00000, 0x0000000085000000|  0%| F|  |TAMS 0x0000000084f00000| PB 0x0000000084f00000| Untracked |  0
|  52|0x0000000085000000, 0x0000000085000000, 0x0000000085100000|  0%| F|  |TAMS 0x0000000085000000| PB 0x0000000085000000| Untracked |  0
|  53|0x0000000085100000, 0x00000000851f0968, 0x0000000085200000| 93%| E|  |TAMS 0x0000000085100000| PB 0x0000000085100000| Complete |  0
|  54|0x0000000085200000, 0x0000000085300000, 0x0000000085300000|100%| E|CS|TAMS 0x0000000085200000| PB 0x0000000085200000| Complete |  0
|  55|0x0000000085300000, 0x0000000085400000, 0x0000000085400000|100%| E|CS|TAMS 0x0000000085300000| PB 0x0000000085300000| Complete |  0
|  56|0x0000000085400000, 0x0000000085500000, 0x0000000085500000|100%| E|CS|TAMS 0x0000000085400000| PB 0x0000000085400000| Complete |  0
|  57|0x0000000085500000, 0x0000000085600000, 0x0000000085600000|100%| E|CS|TAMS 0x0000000085500000| PB 0x0000000085500000| Complete |  0
|  58|0x0000000085600000, 0x0000000085700000, 0x0000000085700000|100%| E|CS|TAMS 0x0000000085600000| PB 0x0000000085600000| Complete |  0
|  59|0x0000000085700000, 0x0000000085800000, 0x0000000085800000|100%| E|CS|TAMS 0x0000000085700000| PB 0x0000000085700000| Complete |  0
|  60|0x0000000085800000, 0x0000000085900000, 0x0000000085900000|100%| E|CS|TAMS 0x0000000085800000| PB 0x0000000085800000| Complete |  0
|  61|0x0000000085900000, 0x0000000085a00000, 0x0000000085a00000|100%| E|CS|TAMS 0x0000000085900000| PB 0x0000000085900000| Complete |  0
|  62|0x0000000085a00000, 0x0000000085b00000, 0x0000000085b00000|100%| E|CS|TAMS 0x0000000085a00000| PB 0x0000000085a00000| Complete |  0
|  63|0x0000000085b00000, 0x0000000085c00000, 0x0000000085c00000|100%| E|CS|TAMS 0x0000000085b00000| PB 0x0000000085b00000| Complete |  0
|  64|0x0000000085c00000, 0x0000000085d00000, 0x0000000085d00000|100%| E|CS|TAMS 0x0000000085c00000| PB 0x0000000085c00000| Complete |  0
|  91|0x0000000087700000, 0x0000000087800000, 0x0000000087800000|100%| E|CS|TAMS 0x0000000087700000| PB 0x0000000087700000| Complete |  0
|  92|0x0000000087800000, 0x0000000087900000, 0x0000000087900000|100%| E|CS|TAMS 0x0000000087800000| PB 0x0000000087800000| Complete |  0
|  93|0x0000000087900000, 0x0000000087a00000, 0x0000000087a00000|100%| E|CS|TAMS 0x0000000087900000| PB 0x0000000087900000| Complete |  0
|  94|0x0000000087a00000, 0x0000000087b00000, 0x0000000087b00000|100%| E|  |TAMS 0x0000000087a00000| PB 0x0000000087a00000| Complete |  0
|  99|0x0000000087f00000, 0x0000000088000000, 0x0000000088000000|100%| E|CS|TAMS 0x0000000087f00000| PB 0x0000000087f00000| Complete |  0
| 126|0x0000000089a00000, 0x0000000089b00000, 0x0000000089b00000|100%| E|CS|TAMS 0x0000000089a00000| PB 0x0000000089a00000| Complete |  0
| 127|0x0000000089b00000, 0x0000000089c00000, 0x0000000089c00000|100%| E|CS|TAMS 0x0000000089b00000| PB 0x0000000089b00000| Complete |  0

Card table byte_map: [0x00000266fdb00000,0x00000266fdf00000] _byte_map_base: 0x00000266fd6f2000

Marking Bits: (CMBitMap*) 0x00000266f5023d50
 Bits: [0x00000266fdf00000, 0x00000266ffe90000)

Polling page: 0x00000266f2d40000

Metaspace:

Usage:
  Non-class:     62.23 MB used.
      Class:     10.58 MB used.
       Both:     72.81 MB used.

Virtual space:
  Non-class space:       64.00 MB reserved,      62.69 MB ( 98%) committed,  1 nodes.
      Class space:        1.00 GB reserved,      10.88 MB (  1%) committed,  1 nodes.
             Both:        1.06 GB reserved,      73.56 MB (  7%) committed. 

Chunk freelists:
   Non-Class:  908.00 KB
       Class:  5.14 MB
        Both:  6.03 MB

MaxMetaspaceSize: unlimited
CompressedClassSpaceSize: 1.00 GB
Initial GC threshold: 21.00 MB
Current GC threshold: 99.94 MB
CDS: on
 - commit_granule_bytes: 65536.
 - commit_granule_words: 8192.
 - virtual_space_node_default_size: 8388608.
 - enlarge_chunks_in_place: 1.
 - use_allocation_guard: 0.


Internal statistics:

num_allocs_failed_limit: 12.
num_arena_births: 1098.
num_arena_deaths: 16.
num_vsnodes_births: 2.
num_vsnodes_deaths: 0.
num_space_committed: 1177.
num_space_uncommitted: 0.
num_chunks_returned_to_freelist: 30.
num_chunks_taken_from_freelist: 3602.
num_chunk_merges: 13.
num_chunk_splits: 2603.
num_chunks_enlarged: 2021.
num_inconsistent_stats: 0.

CodeCache: size=49152Kb used=10492Kb max_used=11357Kb free=38659Kb
 bounds [0x0000026680000000, 0x0000026680b70000, 0x0000026683000000]
 total_blobs=8199, nmethods=7304, adapters=820, full_count=0
Compilation: enabled, stopped_count=0, restarted_count=0

Compilation events (20 events):
Event: 644.226 Thread 0x00000266852b98b0 7398       1       com.mysql.cj.protocol.AbstractSocketConnection::getMysqlSocket (5 bytes)
Event: 644.227 Thread 0x00000266852b98b0 nmethod 7398 0x000002668014f288 code [0x000002668014f3a0, 0x000002668014f468]
Event: 644.227 Thread 0x00000266852b98b0 7399       1       java.net.Socket::isClosed (13 bytes)
Event: 644.227 Thread 0x00000266852b98b0 nmethod 7399 0x000002668014ef88 code [0x000002668014f0a0, 0x000002668014f158]
Event: 644.236 Thread 0x00000266852b98b0 7400       1       org.apache.catalina.mapper.MapperListener::lifecycleEvent (180 bytes)
Event: 644.236 Thread 0x00000266852b98b0 nmethod 7400 0x000002668014e408 code [0x000002668014e600, 0x000002668014eea8]
Event: 644.238 Thread 0x00000266852b98b0 7401   !   1       org.apache.catalina.core.ContainerBase::getClusterInternal (38 bytes)
Event: 644.239 Thread 0x00000266852b98b0 nmethod 7401 0x000002668014df08 code [0x000002668014e080, 0x000002668014e388]
Event: 644.266 Thread 0x00000266852b98b0 7402       1       org.apache.juli.logging.DirectJDKLog::isDebugEnabled (11 bytes)
Event: 644.266 Thread 0x00000266852b98b0 nmethod 7402 0x000002668014dc08 code [0x000002668014dd20, 0x000002668014de28]
Event: 644.266 Thread 0x00000266852b98b0 7403  s    1       org.apache.catalina.util.LifecycleBase::setStateInternal (144 bytes)
Event: 644.267 Thread 0x00000266852b98b0 nmethod 7403 0x000002668014d188 code [0x000002668014d320, 0x000002668014db18]
Event: 644.268 Thread 0x00000266852b98b0 7404       1       ch.qos.logback.classic.Logger::recursiveReset (58 bytes)
Event: 644.268 Thread 0x00000266852b98b0 nmethod 7404 0x000002668014cc88 code [0x000002668014ce00, 0x000002668014d118]
Event: 644.268 Thread 0x00000266852b98b0 7405       1       ch.qos.logback.classic.Logger::detachAndStopAllAppenders (15 bytes)
Event: 644.268 Thread 0x00000266852b98b0 nmethod 7405 0x000002668014c988 code [0x000002668014caa0, 0x000002668014cba0]
Event: 644.268 Thread 0x00000266852b98b0 7406       1       ch.qos.logback.classic.Logger::localLevelReset (30 bytes)
Event: 644.268 Thread 0x00000266852b98b0 nmethod 7406 0x000002668014c688 code [0x000002668014c7a0, 0x000002668014c938]
Event: 644.268 Thread 0x00000266852b98b0 7407       1       ch.qos.logback.classic.Logger::isRootLogger (13 bytes)
Event: 644.268 Thread 0x00000266852b98b0 nmethod 7407 0x000002668014c388 code [0x000002668014c4a0, 0x000002668014c578]

GC Heap History (20 events):
Event: 5.340 GC heap before
{Heap before GC invocations=8 (full 0):
 garbage-first heap   total reserved 2068480K, committed 51200K, used 40402K [0x0000000081c00000, 0x0000000100000000)
  region size 1024K, 23 young (23552K), 3 survivors (3072K)
 Metaspace       used 34165K, committed 34752K, reserved 1114112K
  class space    used 4817K, committed 5056K, reserved 1048576K
}
Event: 5.346 GC heap after
{Heap after GC invocations=9 (full 0):
 garbage-first heap   total reserved 2068480K, committed 61440K, used 21075K [0x0000000081c00000, 0x0000000100000000)
  region size 1024K, 2 young (2048K), 2 survivors (2048K)
 Metaspace       used 34165K, committed 34752K, reserved 1114112K
  class space    used 4817K, committed 5056K, reserved 1048576K
}
Event: 5.479 GC heap before
{Heap before GC invocations=9 (full 0):
 garbage-first heap   total reserved 2068480K, committed 61440K, used 25171K [0x0000000081c00000, 0x0000000100000000)
  region size 1024K, 8 young (8192K), 2 survivors (2048K)
 Metaspace       used 35706K, committed 36288K, reserved 1114112K
  class space    used 5066K, committed 5312K, reserved 1048576K
}
Event: 5.483 GC heap after
{Heap after GC invocations=10 (full 0):
 garbage-first heap   total reserved 2068480K, committed 61440K, used 21226K [0x0000000081c00000, 0x0000000100000000)
  region size 1024K, 2 young (2048K), 2 survivors (2048K)
 Metaspace       used 35706K, committed 36288K, reserved 1114112K
  class space    used 5066K, committed 5312K, reserved 1048576K
}
Event: 6.376 GC heap before
{Heap before GC invocations=11 (full 0):
 garbage-first heap   total reserved 2068480K, committed 61440K, used 49898K [0x0000000081c00000, 0x0000000100000000)
  region size 1024K, 30 young (30720K), 2 survivors (2048K)
 Metaspace       used 45756K, committed 46400K, reserved 1114112K
  class space    used 6480K, committed 6784K, reserved 1048576K
}
Event: 6.382 GC heap after
{Heap after GC invocations=12 (full 0):
 garbage-first heap   total reserved 2068480K, committed 61440K, used 23788K [0x0000000081c00000, 0x0000000100000000)
  region size 1024K, 4 young (4096K), 4 survivors (4096K)
 Metaspace       used 45756K, committed 46400K, reserved 1114112K
  class space    used 6480K, committed 6784K, reserved 1048576K
}
Event: 6.995 GC heap before
{Heap before GC invocations=12 (full 0):
 garbage-first heap   total reserved 2068480K, committed 61440K, used 49388K [0x0000000081c00000, 0x0000000100000000)
  region size 1024K, 30 young (30720K), 4 survivors (4096K)
 Metaspace       used 52205K, committed 52800K, reserved 1114112K
  class space    used 7455K, committed 7744K, reserved 1048576K
}
Event: 7.002 GC heap after
{Heap after GC invocations=13 (full 0):
 garbage-first heap   total reserved 2068480K, committed 61440K, used 25585K [0x0000000081c00000, 0x0000000100000000)
  region size 1024K, 2 young (2048K), 2 survivors (2048K)
 Metaspace       used 52205K, committed 52800K, reserved 1114112K
  class space    used 7455K, committed 7744K, reserved 1048576K
}
Event: 7.616 GC heap before
{Heap before GC invocations=13 (full 0):
 garbage-first heap   total reserved 2068480K, committed 61440K, used 51185K [0x0000000081c00000, 0x0000000100000000)
  region size 1024K, 28 young (28672K), 2 survivors (2048K)
 Metaspace       used 58925K, committed 59584K, reserved 1114112K
  class space    used 8511K, committed 8768K, reserved 1048576K
}
Event: 7.620 GC heap after
{Heap after GC invocations=14 (full 0):
 garbage-first heap   total reserved 2068480K, committed 61440K, used 26508K [0x0000000081c00000, 0x0000000100000000)
  region size 1024K, 3 young (3072K), 3 survivors (3072K)
 Metaspace       used 58925K, committed 59584K, reserved 1114112K
  class space    used 8511K, committed 8768K, reserved 1048576K
}
Event: 7.802 GC heap before
{Heap before GC invocations=14 (full 0):
 garbage-first heap   total reserved 2068480K, committed 61440K, used 32652K [0x0000000081c00000, 0x0000000100000000)
  region size 1024K, 11 young (11264K), 3 survivors (3072K)
 Metaspace       used 60428K, committed 61120K, reserved 1114112K
  class space    used 8704K, committed 9024K, reserved 1048576K
}
Event: 7.807 GC heap after
{Heap after GC invocations=15 (full 0):
 garbage-first heap   total reserved 2068480K, committed 61440K, used 27293K [0x0000000081c00000, 0x0000000100000000)
  region size 1024K, 2 young (2048K), 2 survivors (2048K)
 Metaspace       used 60428K, committed 61120K, reserved 1114112K
  class space    used 8704K, committed 9024K, reserved 1048576K
}
Event: 8.449 GC heap before
{Heap before GC invocations=16 (full 0):
 garbage-first heap   total reserved 2068480K, committed 61440K, used 54941K [0x0000000081c00000, 0x0000000100000000)
  region size 1024K, 29 young (29696K), 2 survivors (2048K)
 Metaspace       used 64087K, committed 64768K, reserved 1114112K
  class space    used 9287K, committed 9536K, reserved 1048576K
}
Event: 8.455 GC heap after
{Heap after GC invocations=17 (full 0):
 garbage-first heap   total reserved 2068480K, committed 61440K, used 29224K [0x0000000081c00000, 0x0000000100000000)
  region size 1024K, 4 young (4096K), 4 survivors (4096K)
 Metaspace       used 64087K, committed 64768K, reserved 1114112K
  class space    used 9287K, committed 9536K, reserved 1048576K
}
Event: 8.970 GC heap before
{Heap before GC invocations=17 (full 0):
 garbage-first heap   total reserved 2068480K, committed 61440K, used 53800K [0x0000000081c00000, 0x0000000100000000)
  region size 1024K, 28 young (28672K), 4 survivors (4096K)
 Metaspace       used 67222K, committed 67904K, reserved 1114112K
  class space    used 9783K, committed 10048K, reserved 1048576K
}
Event: 8.980 GC heap after
{Heap after GC invocations=18 (full 0):
 garbage-first heap   total reserved 2068480K, committed 61440K, used 31082K [0x0000000081c00000, 0x0000000100000000)
  region size 1024K, 4 young (4096K), 4 survivors (4096K)
 Metaspace       used 67222K, committed 67904K, reserved 1114112K
  class space    used 9783K, committed 10048K, reserved 1048576K
}
Event: 42.023 GC heap before
{Heap before GC invocations=18 (full 0):
 garbage-first heap   total reserved 2068480K, committed 61440K, used 52586K [0x0000000081c00000, 0x0000000100000000)
  region size 1024K, 26 young (26624K), 4 survivors (4096K)
 Metaspace       used 70908K, committed 71616K, reserved 1114112K
  class space    used 10337K, committed 10624K, reserved 1048576K
}
Event: 42.032 GC heap after
{Heap after GC invocations=19 (full 0):
 garbage-first heap   total reserved 2068480K, committed 73728K, used 33006K [0x0000000081c00000, 0x0000000100000000)
  region size 1024K, 2 young (2048K), 2 survivors (2048K)
 Metaspace       used 70908K, committed 71616K, reserved 1114112K
  class space    used 10337K, committed 10624K, reserved 1048576K
}
Event: 107.841 GC heap before
{Heap before GC invocations=19 (full 0):
 garbage-first heap   total reserved 2068480K, committed 73728K, used 64750K [0x0000000081c00000, 0x0000000100000000)
  region size 1024K, 34 young (34816K), 2 survivors (2048K)
 Metaspace       used 74409K, committed 75200K, reserved 1114112K
  class space    used 10801K, committed 11136K, reserved 1048576K
}
Event: 108.142 GC heap after
{Heap after GC invocations=20 (full 0):
 garbage-first heap   total reserved 2068480K, committed 73728K, used 33080K [0x0000000081c00000, 0x0000000100000000)
  region size 1024K, 2 young (2048K), 2 survivors (2048K)
 Metaspace       used 74409K, committed 75200K, reserved 1114112K
  class space    used 10801K, committed 11136K, reserved 1048576K
}

Dll operation events (17 events):
Event: 0.015 Loaded shared library C:\Program Files\Java\jdk-23.0.1\bin\java.dll
Event: 0.324 Loaded shared library C:\Program Files\Java\jdk-23.0.1\bin\zip.dll
Event: 0.332 Loaded shared library C:\Program Files\Java\jdk-23.0.1\bin\instrument.dll
Event: 0.338 Loaded shared library C:\Program Files\Java\jdk-23.0.1\bin\net.dll
Event: 0.341 Loaded shared library C:\Program Files\Java\jdk-23.0.1\bin\nio.dll
Event: 0.347 Loaded shared library C:\Program Files\Java\jdk-23.0.1\bin\zip.dll
Event: 0.494 Loaded shared library C:\Program Files\Java\jdk-23.0.1\bin\jimage.dll
Event: 0.624 Loaded shared library C:\Program Files\JetBrains\IntelliJ IDEA 2024.3.2\bin\breakgen64.dll
Event: 0.648 Loaded shared library C:\Program Files\Java\jdk-23.0.1\bin\extnet.dll
Event: 0.657 Loaded shared library C:\Program Files\Java\jdk-23.0.1\bin\management.dll
Event: 0.681 Loaded shared library C:\Program Files\Java\jdk-23.0.1\bin\management_ext.dll
Event: 1.319 Loaded shared library C:\Users\mv\Downloads\opencv\build\java\x64\opencv_java455.dll
Event: 2.923 Loaded shared library C:\Program Files\Java\jdk-23.0.1\bin\sunmscapi.dll
Event: 5.484 Loaded shared library C:\Program Files\Java\jdk-23.0.1\bin\verify.dll
Event: 44.766 Loaded shared library C:\Program Files\Java\jdk-23.0.1\bin\awt.dll
Event: 44.784 Loaded shared library C:\Program Files\Java\jdk-23.0.1\bin\javajpeg.dll
Event: 44.802 Loaded shared library C:\Program Files\Java\jdk-23.0.1\bin\lcms.dll

Deoptimization events (2 events):
Event: 4.558 Thread 0x00000266f2e0b9c0 DEOPT PACKING pc=0x00000266806cbac4 sp=0x0000007be9cfc4c0
Event: 4.558 Thread 0x00000266f2e0b9c0 DEOPT UNPACKING pc=0x0000026680054b22 sp=0x0000007be9cfb978 mode 0

Classes loaded (20 events):
Event: 644.254 Loading class java/beans/WeakIdentityMap done
Event: 644.254 Loading class java/beans/ThreadGroupContext$1 done
Event: 644.254 Loading class java/beans/WeakIdentityMap$Entry
Event: 644.254 Loading class java/beans/WeakIdentityMap$Entry done
Event: 644.255 Loading class com/sun/beans/introspect/ClassInfo
Event: 644.257 Loading class com/sun/beans/introspect/ClassInfo done
Event: 644.257 Loading class com/sun/beans/introspect/ClassInfo$1
Event: 644.258 Loading class com/sun/beans/util/Cache
Event: 644.259 Loading class com/sun/beans/util/Cache done
Event: 644.259 Loading class com/sun/beans/introspect/ClassInfo$1 done
Event: 644.259 Loading class com/sun/beans/util/Cache$Kind
Event: 644.260 Loading class com/sun/beans/util/Cache$Kind done
Event: 644.260 Loading class com/sun/beans/util/Cache$Kind$1
Event: 644.260 Loading class com/sun/beans/util/Cache$Kind$1 done
Event: 644.261 Loading class com/sun/beans/util/Cache$Kind$2
Event: 644.261 Loading class com/sun/beans/util/Cache$Kind$2 done
Event: 644.261 Loading class com/sun/beans/util/Cache$Kind$3
Event: 644.261 Loading class com/sun/beans/util/Cache$Kind$3 done
Event: 644.261 Loading class com/sun/beans/util/Cache$CacheEntry
Event: 644.263 Loading class com/sun/beans/util/Cache$CacheEntry done

Classes unloaded (8 events):
Event: 5.518 Thread 0x000002668528f1e0 Unloading class 0x00000266870d8c00 'java/lang/invoke/LambdaForm$MH+0x00000266870d8c00'
Event: 5.518 Thread 0x000002668528f1e0 Unloading class 0x00000266870c7800 'java/lang/invoke/LambdaForm$MH+0x00000266870c7800'
Event: 5.518 Thread 0x000002668528f1e0 Unloading class 0x00000266870c6800 'java/lang/invoke/LambdaForm$MH+0x00000266870c6800'
Event: 5.518 Thread 0x000002668528f1e0 Unloading class 0x00000266870c6400 'java/lang/invoke/LambdaForm$MH+0x00000266870c6400'
Event: 5.518 Thread 0x000002668528f1e0 Unloading class 0x00000266870c5800 'java/lang/invoke/LambdaForm$MH+0x00000266870c5800'
Event: 5.518 Thread 0x000002668528f1e0 Unloading class 0x00000266870c5000 'java/lang/invoke/LambdaForm$MH+0x00000266870c5000'
Event: 5.518 Thread 0x000002668528f1e0 Unloading class 0x00000266870c4c00 'java/lang/invoke/LambdaForm$MH+0x00000266870c4c00'
Event: 5.518 Thread 0x000002668528f1e0 Unloading class 0x00000266870c4400 'java/lang/invoke/LambdaForm$MH+0x00000266870c4400'

Classes redefined (0 events):
No events

Internal exceptions (20 events):
Event: 49.931 Thread 0x00000266cc517780 Exception <a 'java/lang/NoSuchMethodError'{0x0000000085887368}: method resolution failed> (0x0000000085887368) 
thrown [s\open\src\hotspot\share\prims\methodHandles.cpp, line 1145]
Event: 644.072 Thread 0x00000266cdc55530 Exception <a 'java/io/IOException'{0x00000000851976c8}> (0x00000000851976c8) 
thrown [s\open\src\hotspot\share\prims\jni.cpp, line 520]
Event: 644.129 Thread 0x00000266cdc55530 Exception <a 'java/io/IOException'{0x0000000085198ad8}> (0x0000000085198ad8) 
thrown [s\open\src\hotspot\share\prims\jni.cpp, line 520]
Event: 644.143 Thread 0x00000266cdc55530 Exception <a 'java/io/IOException'{0x000000008519cdd8}> (0x000000008519cdd8) 
thrown [s\open\src\hotspot\share\prims\jni.cpp, line 520]
Event: 644.143 Thread 0x00000266cdc55530 Exception <a 'java/io/IOException'{0x000000008519da40}> (0x000000008519da40) 
thrown [s\open\src\hotspot\share\prims\jni.cpp, line 520]
Event: 644.220 Thread 0x00000266cdc55530 Exception <a 'java/io/IOException'{0x00000000851aabd0}> (0x00000000851aabd0) 
thrown [s\open\src\hotspot\share\prims\jni.cpp, line 520]
Event: 644.220 Thread 0x00000266cdc55530 Exception <a 'java/io/IOException'{0x00000000851ab838}> (0x00000000851ab838) 
thrown [s\open\src\hotspot\share\prims\jni.cpp, line 520]
Event: 644.221 Thread 0x00000266cdc55530 Exception <a 'java/io/IOException'{0x00000000851ad800}> (0x00000000851ad800) 
thrown [s\open\src\hotspot\share\prims\jni.cpp, line 520]
Event: 644.221 Thread 0x00000266cdc55530 Exception <a 'java/io/IOException'{0x00000000851ae468}> (0x00000000851ae468) 
thrown [s\open\src\hotspot\share\prims\jni.cpp, line 520]
Event: 644.222 Thread 0x00000266cdc55530 Exception <a 'java/io/IOException'{0x00000000851b0430}> (0x00000000851b0430) 
thrown [s\open\src\hotspot\share\prims\jni.cpp, line 520]
Event: 644.222 Thread 0x00000266cdc55530 Exception <a 'java/io/IOException'{0x00000000851b1098}> (0x00000000851b1098) 
thrown [s\open\src\hotspot\share\prims\jni.cpp, line 520]
Event: 644.223 Thread 0x00000266cdc55530 Exception <a 'java/io/IOException'{0x00000000851b3070}> (0x00000000851b3070) 
thrown [s\open\src\hotspot\share\prims\jni.cpp, line 520]
Event: 644.223 Thread 0x00000266cdc55530 Exception <a 'java/io/IOException'{0x00000000851b3cd8}> (0x00000000851b3cd8) 
thrown [s\open\src\hotspot\share\prims\jni.cpp, line 520]
Event: 644.224 Thread 0x00000266cdc55530 Exception <a 'java/io/IOException'{0x00000000851b5ca0}> (0x00000000851b5ca0) 
thrown [s\open\src\hotspot\share\prims\jni.cpp, line 520]
Event: 644.224 Thread 0x00000266cdc55530 Exception <a 'java/io/IOException'{0x00000000851b6908}> (0x00000000851b6908) 
thrown [s\open\src\hotspot\share\prims\jni.cpp, line 520]
Event: 644.226 Thread 0x00000266cdc55530 Exception <a 'java/io/IOException'{0x00000000851b88d0}> (0x00000000851b88d0) 
thrown [s\open\src\hotspot\share\prims\jni.cpp, line 520]
Event: 644.226 Thread 0x00000266cdc55530 Exception <a 'java/io/IOException'{0x00000000851b9538}> (0x00000000851b9538) 
thrown [s\open\src\hotspot\share\prims\jni.cpp, line 520]
Event: 644.227 Thread 0x00000266cdc55530 Exception <a 'java/io/IOException'{0x00000000851bb500}> (0x00000000851bb500) 
thrown [s\open\src\hotspot\share\prims\jni.cpp, line 520]
Event: 644.227 Thread 0x00000266cdc55530 Exception <a 'java/io/IOException'{0x00000000851bc1d0}> (0x00000000851bc1d0) 
thrown [s\open\src\hotspot\share\prims\jni.cpp, line 520]
Event: 644.266 Thread 0x00000266cc51a570 Exception <a 'java/lang/InterruptedException'{0x00000000851e4e58}: sleep interrupted> (0x00000000851e4e58) 
thrown [s\open\src\hotspot\share\prims\jvm.cpp, line 3093]

VM Operations (20 events):
Event: 8.902 Executing VM operation: HandshakeAllThreads (Deoptimize) done
Event: 8.970 Executing VM operation: G1CollectForAllocation (G1 Evacuation Pause)
Event: 8.980 Executing VM operation: G1CollectForAllocation (G1 Evacuation Pause) done
Event: 41.950 Executing VM operation: HandshakeAllThreads (Deoptimize)
Event: 41.950 Executing VM operation: HandshakeAllThreads (Deoptimize) done
Event: 41.957 Executing VM operation: HandshakeAllThreads (Deoptimize)
Event: 41.957 Executing VM operation: HandshakeAllThreads (Deoptimize) done
Event: 42.023 Executing VM operation: G1CollectForAllocation (G1 Evacuation Pause)
Event: 42.032 Executing VM operation: G1CollectForAllocation (G1 Evacuation Pause) done
Event: 42.129 Executing VM operation: HandshakeAllThreads (Deoptimize)
Event: 42.129 Executing VM operation: HandshakeAllThreads (Deoptimize) done
Event: 42.160 Executing VM operation: HandshakeAllThreads (Deoptimize)
Event: 42.160 Executing VM operation: HandshakeAllThreads (Deoptimize) done
Event: 60.250 Executing VM operation: HandshakeAllThreads (HandshakeForDeflation)
Event: 60.250 Executing VM operation: HandshakeAllThreads (HandshakeForDeflation) done
Event: 60.250 Executing VM operation: RendezvousGCThreads
Event: 60.250 Executing VM operation: RendezvousGCThreads done
Event: 107.840 Executing VM operation: G1CollectForAllocation (G1 Evacuation Pause)
Event: 108.142 Executing VM operation: G1CollectForAllocation (G1 Evacuation Pause) done
Event: 644.272 Executing VM operation: Exit

Memory protections (0 events):
No events

Nmethod flushes (20 events):
Event: 7.856 Thread 0x000002668528f1e0 flushing  nmethod 0x00000266806cb788
Event: 7.856 Thread 0x000002668528f1e0 flushing  nmethod 0x00000266806cc008
Event: 7.856 Thread 0x000002668528f1e0 flushing  nmethod 0x00000266806cd108
Event: 7.856 Thread 0x000002668528f1e0 flushing  nmethod 0x00000266806e7588
Event: 7.856 Thread 0x000002668528f1e0 flushing  nmethod 0x0000026680708908
Event: 7.856 Thread 0x000002668528f1e0 flushing  nmethod 0x0000026680318308
Event: 7.856 Thread 0x000002668528f1e0 flushing  nmethod 0x0000026680671208
Event: 7.856 Thread 0x000002668528f1e0 flushing  nmethod 0x0000026680754008
Event: 7.856 Thread 0x000002668528f1e0 flushing  nmethod 0x000002668038ca08
Event: 7.856 Thread 0x000002668528f1e0 flushing  nmethod 0x000002668061d188
Event: 7.856 Thread 0x000002668528f1e0 flushing  nmethod 0x0000026680648688
Event: 7.856 Thread 0x000002668528f1e0 flushing  nmethod 0x0000026680714288
Event: 7.856 Thread 0x000002668528f1e0 flushing  nmethod 0x000002668040e988
Event: 7.856 Thread 0x000002668528f1e0 flushing  nmethod 0x000002668051e008
Event: 7.856 Thread 0x000002668528f1e0 flushing  nmethod 0x00000266805dac88
Event: 7.856 Thread 0x000002668528f1e0 flushing  nmethod 0x0000026680616508
Event: 7.856 Thread 0x000002668528f1e0 flushing  nmethod 0x0000026680654208
Event: 7.856 Thread 0x000002668528f1e0 flushing  nmethod 0x000002668069ad08
Event: 7.856 Thread 0x000002668528f1e0 flushing  nmethod 0x00000266806e9308
Event: 7.856 Thread 0x000002668528f1e0 flushing  nmethod 0x000002668071ba88

Events (20 events):
Event: 643.709 Thread 0x00000266cc518b30 Thread exited: 0x00000266cc518b30
Event: 643.711 Thread 0x00000266cc519ee0 Thread exited: 0x00000266cc519ee0
Event: 643.711 Thread 0x00000266cc517e10 Thread exited: 0x00000266cc517e10
Event: 643.711 Thread 0x00000266cc51ccd0 Thread exited: 0x00000266cc51ccd0
Event: 643.712 Thread 0x00000266cc5184a0 Thread exited: 0x00000266cc5184a0
Event: 643.711 Thread 0x00000266cc517780 Thread exited: 0x00000266cc517780
Event: 643.712 Thread 0x00000266cc51bfb0 Thread exited: 0x00000266cc51bfb0
Event: 643.711 Thread 0x00000266cc5170f0 Thread exited: 0x00000266cc5170f0
Event: 643.712 Thread 0x00000266cc5191c0 Thread exited: 0x00000266cc5191c0
Event: 643.712 Thread 0x00000266cc5156b0 Thread exited: 0x00000266cc5156b0
Event: 643.712 Thread 0x00000266cc5163d0 Thread exited: 0x00000266cc5163d0
Event: 643.786 Thread 0x00000266cdc52dd0 Thread added: 0x00000266cdc55530
Event: 643.788 Thread 0x00000266cc516a60 Thread exited: 0x00000266cc516a60
Event: 644.227 Thread 0x00000266cdc55530 Thread exited: 0x00000266cdc55530
Event: 644.265 Thread 0x00000266cc51c640 Thread exited: 0x00000266cc51c640
Event: 644.265 Thread 0x00000266cc51b920 Thread exited: 0x00000266cc51b920
Event: 644.266 Thread 0x00000266cc51a570 Thread exited: 0x00000266cc51a570
Event: 644.270 Thread 0x00000266cdc52dd0 Thread exited: 0x00000266cdc52dd0
Event: 644.271 Thread 0x00000266cdc54ea0 Before exit entered
Event: 644.272 Thread 0x00000266852b0730 Thread exited: 0x00000266852b0730


Dynamic libraries:
0x00007ff682300000 - 0x00007ff682310000 	C:\Program Files\Java\jdk-23.0.1\bin\java.exe
0x00007ffb40030000 - 0x00007ffb40228000 	C:\WINDOWS\SYSTEM32\ntdll.dll
0x00007ffb3e510000 - 0x00007ffb3e5cd000 	C:\WINDOWS\System32\KERNEL32.DLL
0x00007ffb3dc60000 - 0x00007ffb3df56000 	C:\WINDOWS\System32\KERNELBASE.dll
0x00007ffb3d9b0000 - 0x00007ffb3dab0000 	C:\WINDOWS\System32\ucrtbase.dll
0x00007ffb0eb40000 - 0x00007ffb0eb5b000 	C:\Program Files\Java\jdk-23.0.1\bin\VCRUNTIME140.dll
0x00007ffb0eea0000 - 0x00007ffb0eeb7000 	C:\Program Files\Java\jdk-23.0.1\bin\jli.dll
0x00007ffb3e9d0000 - 0x00007ffb3eb6f000 	C:\WINDOWS\System32\USER32.dll
0x00007ffb3db50000 - 0x00007ffb3db72000 	C:\WINDOWS\System32\win32u.dll
0x00007ffb246c0000 - 0x00007ffb2495a000 	C:\WINDOWS\WinSxS\amd64_microsoft.windows.common-controls_6595b64144ccf1df_6.0.19041.3636_none_60b6a03d71f818d5\COMCTL32.dll
0x00007ffb3f280000 - 0x00007ffb3f2ab000 	C:\WINDOWS\System32\GDI32.dll
0x00007ffb3e930000 - 0x00007ffb3e9ce000 	C:\WINDOWS\System32\msvcrt.dll
0x00007ffb3d890000 - 0x00007ffb3d9a7000 	C:\WINDOWS\System32\gdi32full.dll
0x00007ffb3dab0000 - 0x00007ffb3db4d000 	C:\WINDOWS\System32\msvcp_win.dll
0x00007ffb3fcd0000 - 0x00007ffb3fd02000 	C:\WINDOWS\System32\IMM32.DLL
0x00007ffb0f230000 - 0x00007ffb0f23c000 	C:\Program Files\Java\jdk-23.0.1\bin\vcruntime140_1.dll
0x00007ffb0e7b0000 - 0x00007ffb0e83e000 	C:\Program Files\Java\jdk-23.0.1\bin\msvcp140.dll
0x00007ffadadf0000 - 0x00007ffadbb3f000 	C:\Program Files\Java\jdk-23.0.1\bin\server\jvm.dll
0x00007ffb3e400000 - 0x00007ffb3e4b0000 	C:\WINDOWS\System32\ADVAPI32.dll
0x00007ffb3eb70000 - 0x00007ffb3ec10000 	C:\WINDOWS\System32\sechost.dll
0x00007ffb3f150000 - 0x00007ffb3f273000 	C:\WINDOWS\System32\RPCRT4.dll
0x00007ffb3db80000 - 0x00007ffb3dba7000 	C:\WINDOWS\System32\bcrypt.dll
0x00007ffb3e390000 - 0x00007ffb3e3fb000 	C:\WINDOWS\System32\WS2_32.dll
0x00007ffb3d5c0000 - 0x00007ffb3d60b000 	C:\WINDOWS\SYSTEM32\POWRPROF.dll
0x00007ffb2dfc0000 - 0x00007ffb2dfe7000 	C:\WINDOWS\SYSTEM32\WINMM.dll
0x00007ffb3b670000 - 0x00007ffb3b67a000 	C:\WINDOWS\SYSTEM32\VERSION.dll
0x00007ffb3d520000 - 0x00007ffb3d532000 	C:\WINDOWS\SYSTEM32\UMPDC.dll
0x00007ffb3bf20000 - 0x00007ffb3bf32000 	C:\WINDOWS\SYSTEM32\kernel.appcore.dll
0x00007ffb0f1d0000 - 0x00007ffb0f1da000 	C:\Program Files\Java\jdk-23.0.1\bin\jimage.dll
0x00007ffb2dd90000 - 0x00007ffb2df74000 	C:\WINDOWS\SYSTEM32\DBGHELP.DLL
0x00007ffb2cc70000 - 0x00007ffb2cca4000 	C:\WINDOWS\SYSTEM32\dbgcore.DLL
0x00007ffb3df60000 - 0x00007ffb3dfe2000 	C:\WINDOWS\System32\bcryptPrimitives.dll
0x00007ffb38fc0000 - 0x00007ffb38fcf000 	C:\Program Files\Java\jdk-23.0.1\bin\instrument.dll
0x00007ffb0eb20000 - 0x00007ffb0eb3e000 	C:\Program Files\Java\jdk-23.0.1\bin\java.dll
0x00007ffb3f390000 - 0x00007ffb3f4bb000 	C:\WINDOWS\System32\ole32.dll
0x00007ffb3e5d0000 - 0x00007ffb3e923000 	C:\WINDOWS\System32\combase.dll
0x00007ffb3f4c0000 - 0x00007ffb3fc2b000 	C:\WINDOWS\System32\SHELL32.dll
0x00007ffb3b770000 - 0x00007ffb3bf0e000 	C:\WINDOWS\SYSTEM32\windows.storage.dll
0x00007ffb3d040000 - 0x00007ffb3d06e000 	C:\WINDOWS\SYSTEM32\Wldp.dll
0x00007ffb3e2c0000 - 0x00007ffb3e38d000 	C:\WINDOWS\System32\OLEAUT32.dll
0x00007ffb3e060000 - 0x00007ffb3e10d000 	C:\WINDOWS\System32\SHCORE.dll
0x00007ffb3fd10000 - 0x00007ffb3fd65000 	C:\WINDOWS\System32\shlwapi.dll
0x00007ffb3d610000 - 0x00007ffb3d633000 	C:\WINDOWS\SYSTEM32\profapi.dll
0x00007ffb0e8c0000 - 0x00007ffb0e8d7000 	C:\Program Files\Java\jdk-23.0.1\bin\zip.dll
0x00007ffb0ee90000 - 0x00007ffb0eea0000 	C:\Program Files\Java\jdk-23.0.1\bin\net.dll
0x00007ffb3cda0000 - 0x00007ffb3ce0a000 	C:\WINDOWS\system32\mswsock.dll
0x00007ffb0e8e0000 - 0x00007ffb0e8f6000 	C:\Program Files\Java\jdk-23.0.1\bin\nio.dll
0x00007ffb38f90000 - 0x00007ffb38faa000 	C:\Program Files\JetBrains\IntelliJ IDEA 2024.3.2\bin\breakgen64.dll
0x00007ffb3cac0000 - 0x00007ffb3cb8b000 	C:\WINDOWS\SYSTEM32\DNSAPI.dll
0x00007ffb3ca80000 - 0x00007ffb3cabb000 	C:\WINDOWS\SYSTEM32\IPHLPAPI.DLL
0x00007ffb3fe30000 - 0x00007ffb3fe38000 	C:\WINDOWS\System32\NSI.dll
0x000000005d610000 - 0x000000005d636000 	C:\Program Files\Bonjour\mdnsNSP.dll
0x00007ffb34340000 - 0x00007ffb3434a000 	C:\Windows\System32\rasadhlp.dll
0x00007ffb34fd0000 - 0x00007ffb35050000 	C:\WINDOWS\System32\fwpuclnt.dll
0x00007ffb0e730000 - 0x00007ffb0e739000 	C:\Program Files\Java\jdk-23.0.1\bin\extnet.dll
0x00007ffb38f80000 - 0x00007ffb38f8a000 	C:\Program Files\Java\jdk-23.0.1\bin\management.dll
0x00007ffb38f70000 - 0x00007ffb38f7b000 	C:\Program Files\Java\jdk-23.0.1\bin\management_ext.dll
0x00007ffb3fcc0000 - 0x00007ffb3fcc8000 	C:\WINDOWS\System32\PSAPI.DLL
0x00007ffb3cf90000 - 0x00007ffb3cfa8000 	C:\WINDOWS\SYSTEM32\CRYPTSP.dll
0x00007ffb3c6c0000 - 0x00007ffb3c6f4000 	C:\WINDOWS\system32\rsaenh.dll
0x00007ffb3d540000 - 0x00007ffb3d56e000 	C:\WINDOWS\SYSTEM32\USERENV.dll
0x00007ffb3cfb0000 - 0x00007ffb3cfbc000 	C:\WINDOWS\SYSTEM32\CRYPTBASE.dll
0x00007ffb29840000 - 0x00007ffb29857000 	C:\WINDOWS\system32\napinsp.dll
0x00007ffb29820000 - 0x00007ffb2983b000 	C:\WINDOWS\system32\pnrpnsp.dll
0x00007ffb29800000 - 0x00007ffb29815000 	C:\WINDOWS\system32\wshbth.dll
0x00007ffb38df0000 - 0x00007ffb38e0d000 	C:\WINDOWS\system32\NLAapi.dll
0x00007ffb297e0000 - 0x00007ffb297f2000 	C:\WINDOWS\System32\winrnr.dll
0x00007ffad7be0000 - 0x00007ffadade1000 	C:\Users\mv\Downloads\opencv\build\java\x64\opencv_java455.dll
0x00007ffb37780000 - 0x00007ffb3793b000 	C:\WINDOWS\SYSTEM32\MFPlat.DLL
0x00007ffb03b30000 - 0x00007ffb03c3a000 	C:\WINDOWS\SYSTEM32\MFReadWrite.dll
0x00007ffb02ff0000 - 0x00007ffb03074000 	C:\WINDOWS\SYSTEM32\MF.dll
0x00007ffb3d840000 - 0x00007ffb3d88e000 	C:\WINDOWS\System32\cfgmgr32.dll
0x00007ffb19640000 - 0x00007ffb19ace000 	C:\WINDOWS\SYSTEM32\MFCORE.DLL
0x00007ffb3d6e0000 - 0x00007ffb3d83e000 	C:\WINDOWS\System32\CRYPT32.dll
0x00007ffb3b6b0000 - 0x00007ffb3b6b9000 	C:\WINDOWS\SYSTEM32\ksuser.dll
0x00007ffb37220000 - 0x00007ffb37254000 	C:\WINDOWS\SYSTEM32\RTWorkQ.DLL
0x00007ffb216b0000 - 0x00007ffb216f9000 	C:\WINDOWS\SYSTEM32\pdh.dll
0x00007ffb38300000 - 0x00007ffb3830f000 	C:\WINDOWS\System32\perfproc.dll
0x00007ffb38370000 - 0x00007ffb3837e000 	C:\Program Files\Java\jdk-23.0.1\bin\sunmscapi.dll
0x00007ffb3d0b0000 - 0x00007ffb3d0d8000 	C:\WINDOWS\SYSTEM32\ncrypt.dll
0x00007ffb3d070000 - 0x00007ffb3d0ab000 	C:\WINDOWS\SYSTEM32\NTASN1.dll
0x00007ffb38840000 - 0x00007ffb38850000 	C:\Program Files\Java\jdk-23.0.1\bin\verify.dll
0x00007ffb1bcf0000 - 0x00007ffb1bcf7000 	C:\WINDOWS\system32\wshunix.dll
0x00007ffb27740000 - 0x00007ffb278ce000 	C:\Program Files\Java\jdk-23.0.1\bin\awt.dll
0x00007ffb3ac10000 - 0x00007ffb3aca0000 	C:\WINDOWS\SYSTEM32\apphelp.dll
0x00007ffb2b7f0000 - 0x00007ffb2b81e000 	C:\Program Files\Java\jdk-23.0.1\bin\javajpeg.dll
0x00007ffb287c0000 - 0x00007ffb28800000 	C:\Program Files\Java\jdk-23.0.1\bin\lcms.dll
0x00007ffb29860000 - 0x00007ffb29875000 	C:\WINDOWS\SYSTEM32\OpenCL.dll
0x00007ffb28560000 - 0x00007ffb285c2000 	C:\WINDOWS\SYSTEM32\IntelOpenCL64.dll
0x00007ffb18ad0000 - 0x00007ffb18bcd000 	C:\Program Files (x86)\Common Files\Intel\OpenCL\bin\x64\intelocl64.dll
0x00007ffb24a40000 - 0x00007ffb24b65000 	C:\WINDOWS\SYSTEM32\OPENGL32.dll
0x00007ffb276c0000 - 0x00007ffb27736000 	C:\Program Files (x86)\Common Files\Intel\OpenCL\bin\x64\task_executor64.dll
0x00007ffb25830000 - 0x00007ffb2585c000 	C:\WINDOWS\SYSTEM32\GLU32.dll
0x00007ffb3c7e0000 - 0x00007ffb3c813000 	C:\WINDOWS\SYSTEM32\ntmarta.dll
0x00007ffb18a30000 - 0x00007ffb18ac5000 	C:\Program Files (x86)\Common Files\Intel\OpenCL\bin\x64\cpu_device64.dll
0x00007ffb284f0000 - 0x00007ffb28559000 	C:\Program Files (x86)\Common Files\Intel\OpenCL\bin\x64\tbb\tbb.dll
0x00007ffb17a90000 - 0x00007ffb17c84000 	C:\WINDOWS\SYSTEM32\igdrcl64.dll
0x00007ffb164a0000 - 0x00007ffb17a82000 	C:\WINDOWS\SYSTEM32\igdfcl64.dll
0x00007ffb21400000 - 0x00007ffb2145f000 	C:\WINDOWS\SYSTEM32\igdbcl64.dll
0x00007ffb2c500000 - 0x00007ffb2c95f000 	C:\WINDOWS\SYSTEM32\igdusc64.dll

dbghelp: loaded successfully - version: 4.0.5 - missing functions: none
symbol engine: initialized successfully - sym options: 0x614 - pdb path: .;C:\Program Files\Java\jdk-23.0.1\bin;C:\WINDOWS\SYSTEM32;C:\WINDOWS\WinSxS\amd64_microsoft.windows.common-controls_6595b64144ccf1df_6.0.19041.3636_none_60b6a03d71f818d5;C:\Program Files\Java\jdk-23.0.1\bin\server;C:\Program Files\JetBrains\IntelliJ IDEA 2024.3.2\bin;C:\Program Files\Bonjour;C:\Users\mv\Downloads\opencv\build\java\x64;C:\Program Files (x86)\Common Files\Intel\OpenCL\bin\x64;C:\Program Files (x86)\Common Files\Intel\OpenCL\bin\x64\tbb

VM Arguments:
jvm_args: -Djava.library.path=C:\Users\mv\Downloads\opencv\build\java\x64 -XX:TieredStopAtLevel=1 -Dspring.output.ansi.enabled=always -Dcom.sun.management.jmxremote -Dspring.jmx.enabled=true -Dspring.liveBeansView.mbeanDomain -Dspring.application.admin.enabled=true -Dmanagement.endpoints.jmx.exposure.include=* -javaagent:C:\Program Files\JetBrains\IntelliJ IDEA 2024.3.2\lib\idea_rt.jar=50853:C:\Program Files\JetBrains\IntelliJ IDEA 2024.3.2\bin -Dfile.encoding=UTF-8 -Dsun.stdout.encoding=UTF-8 -Dsun.stderr.encoding=UTF-8 
java_command: com.example.demo.DemoApplication
java_class_path (initial): D:\images\demo\target\classes;C:\Users\mv\.m2\repository\org\springframework\boot\spring-boot-starter-data-jpa\3.4.2\spring-boot-starter-data-jpa-3.4.2.jar;C:\Users\mv\.m2\repository\org\springframework\boot\spring-boot-starter\3.4.2\spring-boot-starter-3.4.2.jar;C:\Users\mv\.m2\repository\org\springframework\boot\spring-boot\3.4.2\spring-boot-3.4.2.jar;C:\Users\mv\.m2\repository\org\springframework\boot\spring-boot-autoconfigure\3.4.2\spring-boot-autoconfigure-3.4.2.jar;C:\Users\mv\.m2\repository\org\springframework\boot\spring-boot-starter-logging\3.4.2\spring-boot-starter-logging-3.4.2.jar;C:\Users\mv\.m2\repository\ch\qos\logback\logback-classic\1.5.16\logback-classic-1.5.16.jar;C:\Users\mv\.m2\repository\ch\qos\logback\logback-core\1.5.16\logback-core-1.5.16.jar;C:\Users\mv\.m2\repository\org\apache\logging\log4j\log4j-to-slf4j\2.24.3\log4j-to-slf4j-2.24.3.jar;C:\Users\mv\.m2\repository\org\apache\logging\log4j\log4j-api\2.24.3\log4j-api-2.24.3.jar;C:\Users\mv\.m2\repository\org\slf4j\jul-to-slf4j\2.0.16\jul-to-slf4j-2.0.16.jar;C:\Users\mv\.m2\repository\jakarta\annotation\jakarta.annotation-api\2.1.1\jakarta.annotation-api-2.1.1.jar;C:\Users\mv\.m2\repository\org\yaml\snakeyaml\2.3\snakeyaml-2.3.jar;C:\Users\mv\.m2\repository\org\springframework\boot\spring-boot-starter-jdbc\3.4.2\spring-boot-starter-jdbc-3.4.2.jar;C:\Users\mv\.m2\repository\com\zaxxer\HikariCP\5.1.0\HikariCP-5.1.0.jar;C:\Users\mv\.m2\repository\org\springframework\spring-jdbc\6.2.2\spring-jdbc-6.2.2.jar;C:\Users\mv\.m2\repository\org\hibernate\orm\hibernate-core\6.6.5.Final\hibernate-core-6.6.5.Final.jar;C:\Users\mv\.m2\repository\jakarta\persistence\jakarta.persistence-api\3.1.0\jakarta.persistence-api-3.1.0.jar;C:\Users\mv\.m2\repository\jakarta\transaction\jakarta.transaction-api\2.0.1\jakarta.transaction-api-2.0.1.jar;C:\Users\mv\.m2\repository\org\jboss\logging\jboss-logging\3.6.1.Final\jboss-logging-3.6.1.Final.jar;C:\Users\mv\.m2\repository\org\hibernate\common\hibernate-commons-annotations\7.0.3.Final\hibernate-commons-annotations-7.0.3.Final.jar;C:\Users\mv\.m2\repository\io\smallrye\jandex\3.2.0\jandex-3.2.0.jar;C:\Users\mv\.m2\repository\com\fasterxml\classmate\1.7.0\classmate-1.7.0.jar;C:\Users\mv\.m2\repository\net\bytebuddy\byte-buddy\1.15.11\byte-buddy-1.15.11.jar;C:\Users\mv\.m2\repository\org\glassfish\jaxb\jaxb-runtime\4.0.5\jaxb-runtime-4.0.5.jar;C:\Users\mv\.m2\repository\org\glassfish\jaxb\jaxb-core\4.0.5\jaxb-core-4.0.5.jar;C:\Users\mv\.m2\repository\org\eclipse\angus\angus-activation\2.0.2\angus-activation-2.0.2.jar;C:\Users\mv\.m2\repository\org\glassfish\jaxb\txw2\4.0.5\txw2-4.0.5.jar;C:\Users\mv\.m2\repository\com\sun\istack\istack-commons-runtime\4.1.2\istack-commons-runtime-4.1.2.jar;C:\Users\mv\.m2\repository\jakarta\inject\jakarta.inject-api\2.0.1\jakarta.inject-api-2.0.1.jar;C:\Users\mv\.m2\repository\org\antlr\antlr4-runtime\4.13.0\antlr4-runtime-4.13.0.jar;C:\Users\mv\.m2\repository\org\springframework\data\spring-data-jpa\3.4.2\spring-data-jpa-3.4.2.jar;C:\Users\mv\.m2\repository\org\springframework\data\spring-data-commons\3.4.2\spring-data-commons-3.4.2.jar;C:\Users\mv\.m2\repository\org\springframework\spring-orm\6.2.2\spring-orm-6.2.2.jar;C:\Users\mv\.m2\repository\org\springframework\spring-context\6.2.2\spring-context-6.2.2.jar;C:\Users\mv\.m2\repository\org\springframework\spring-tx\6.2.2\spring-tx-6.2.2.jar;C:\Users\mv\.m2\repository\org\springframework\spring-beans\6.2.2\spring-beans-6.2.2.jar;C:\Users\mv\.m2\repository\org\slf4j\slf4j-api\2.0.16\slf4j-api-2.0.16.jar;C:\Users\mv\.m2\repository\org\springframework\spring-aspects\6.2.2\spring-aspects-6.2.2.jar;C:\Users\mv\.m2\repository\org\aspectj\aspectjweaver\1.9.22.1\aspectjweaver-1.9.22.1.jar;C:\Users\mv\.m2\repository\org\springframework\boot\spring-boot-starter-security\3.4.2\spring-boot-starter-security-3.4.2.jar;C:\Users\mv\.m2\repository\org\springframework\spring-aop\6.2.2\spring-aop-6.2.2.jar;C:\Users\mv\.m2\repository\org\springframework\security\spring-security-config\6.4.2\spring-security-config-6.4.2.jar;C:\Users\mv\.m2\repository\org\springframework\security\spring-security-web\6.4.2\spring-security-web-6.4.2.jar;C:\Users\mv\.m2\repository\org\springframework\spring-expression\6.2.2\spring-expression-6.2.2.jar;C:\Users\mv\.m2\repository\org\springframework\boot\spring-boot-starter-web\3.4.2\spring-boot-starter-web-3.4.2.jar;C:\Users\mv\.m2\repository\org\springframework\boot\spring-boot-starter-json\3.4.2\spring-boot-starter-json-3.4.2.jar;C:\Users\mv\.m2\repository\com\fasterxml\jackson\core\jackson-databind\2.18.2\jackson-databind-2.18.2.jar;C:\Users\mv\.m2\repository\com\fasterxml\jackson\core\jackson-annotations\2.18.2\jackson-annotations-2.18.2.jar;C:\Users\mv\.m2\repository\com\fasterxml\jackson\core\jackson-core\2.18.2\jackson-core-2.18.2.jar;C:\Users\mv\.m2\repository\com\fasterxml\jackson\datatype\jackson-datatype-jdk8\2.18.2\jackson-datatype-jdk8-2.18.2.jar;C:\Users\mv\.m2\repository\com\fasterxml\jackson\datatype\jackson-datatype-jsr310\2.18.2\jackson-datatype-jsr310-2.18.2.jar;C:\Users\mv\.m2\repository\com\fasterxml\jackson\module\jackson-module-parameter-names\2.18.2\jackson-module-parameter-names-2.18.2.jar;C:\Users\mv\.m2\repository\org\springframework\boot\spring-boot-starter-tomcat\3.4.2\spring-boot-starter-tomcat-3.4.2.jar;C:\Users\mv\.m2\repository\org\apache\tomcat\embed\tomcat-embed-core\10.1.34\tomcat-embed-core-10.1.34.jar;C:\Users\mv\.m2\repository\org\apache\tomcat\embed\tomcat-embed-el\10.1.34\tomcat-embed-el-10.1.34.jar;C:\Users\mv\.m2\repository\org\apache\tomcat\embed\tomcat-embed-websocket\10.1.34\tomcat-embed-websocket-10.1.34.jar;C:\Users\mv\.m2\repository\org\springframework\spring-web\6.2.2\spring-web-6.2.2.jar;C:\Users\mv\.m2\repository\io\micrometer\micrometer-observation\1.14.3\micrometer-observation-1.14.3.jar;C:\Users\mv\.m2\repository\io\micrometer\micrometer-commons\1.14.3\micrometer-commons-1.14.3.jar;C:\Users\mv\.m2\repository\org\springframework\spring-webmvc\6.2.2\spring-webmvc-6.2.2.jar;C:\Users\mv\.m2\repository\com\mysql\mysql-connector-j\9.1.0\mysql-connector-j-9.1.0.jar;C:\Users\mv\.m2\repository\org\projectlombok\lombok\1.18.36\lombok-1.18.36.jar;C:\Users\mv\.m2\repository\jakarta\xml\bind\jakarta.xml.bind-api\4.0.2\jakarta.xml.bind-api-4.0.2.jar;C:\Users\mv\.m2\repository\jakarta\activation\jakarta.activation-api\2.1.3\jakarta.activation-api-2.1.3.jar;C:\Users\mv\.m2\repository\org\springframework\spring-core\6.2.2\spring-core-6.2.2.jar;C:\Users\mv\.m2\repository\org\springframework\spring-jcl\6.2.2\spring-jcl-6.2.2.jar;C:\Users\mv\.m2\repository\org\springframework\security\spring-security-core\6.4.2\spring-security-core-6.4.2.jar;C:\Users\mv\.m2\repository\org\springframework\security\spring-security-crypto\6.4.2\spring-security-crypto-6.4.2.jar;C:\Users\mv\Downloads\opencv\build\java\opencv-455.jar
Launcher Type: SUN_STANDARD

[Global flags]
     intx CICompilerCount                          = 3                                         {product} {ergonomic}
     uint ConcGCThreads                            = 1                                         {product} {ergonomic}
     uint G1ConcRefinementThreads                  = 4                                         {product} {ergonomic}
   size_t G1HeapRegionSize                         = 1048576                                   {product} {ergonomic}
   size_t InitialHeapSize                          = 134217728                                 {product} {ergonomic}
     bool ManagementServer                         = true                                      {product} {command line}
   size_t MarkStackSize                            = 4194304                                   {product} {ergonomic}
   size_t MarkStackSizeMax                         = 536870912                                 {product} {ergonomic}
   size_t MaxHeapSize                              = 2118123520                                {product} {ergonomic}
   size_t MaxNewSize                               = 1270874112                                {product} {ergonomic}
   size_t MinHeapDeltaBytes                        = 1048576                                   {product} {ergonomic}
   size_t MinHeapSize                              = 8388608                                   {product} {ergonomic}
    uintx NonNMethodCodeHeapSize                   = 4096                                   {pd product} {ergonomic}
    uintx NonProfiledCodeHeapSize                  = 0                                      {pd product} {ergonomic}
     bool ProfileInterpreter                       = false                                  {pd product} {command line}
    uintx ProfiledCodeHeapSize                     = 0                                      {pd product} {ergonomic}
   size_t SoftMaxHeapSize                          = 2118123520                             {manageable} {ergonomic}
     intx TieredStopAtLevel                        = 1                                         {product} {command line}
     bool UseCompressedOops                        = true                           {product lp64_product} {ergonomic}
     bool UseG1GC                                  = true                                      {product} {ergonomic}
     bool UseLargePagesIndividualAllocation        = false                                  {pd product} {ergonomic}

Logging:
Log output configuration:
 #0: stdout all=off uptime,level,tags foldmultilines=false
 #1: stderr all=off uptime,level,tags foldmultilines=false

Environment Variables:
JAVA_HOME=C:\Program Files\Java\jdk-23.0.1
PATH=C:\Program Files\Java\jdk-23.0.1;C:\Program Files\nodejs;C:\WINDOWS;C:\WINDOWS\System32\Wbem;C:\WINDOWS\System32\WindowsPowerShell\v1.0\;C:\WINDOWS\System32\OpenSSH\;C:\Program Files\nodejs;C:\Windows\System32;C:\Program Files\nodejs\;C:\Program Files\Java\jdk-23.0.1\bin;C:\Program Files\Apache\Maven\apache-maven-3.9.9\bin;C:\Users\mv\AppData\Local\Programs\Python\Python313;C:\Users\mv\Downloads\opencv\build\java\x64;C:\Users\mv\AppData\Local\Programs\Python\Launcher\;C:\Users\mv\AppData\Local\Microsoft\WindowsApps;C:\MinGW\bin;C:\mcrypt-2.6.8;C:\Program Files\Git\bin;D:\os\program\Cryptography and Network Security Lab\need files\libmcrypt-master\include;D:\os\program\Cryptography and Network Security Lab\need files\libmcrypt-master\lib;D:\os\node_modules\npm\bin;C:\Users\mv\AppData\Roaming\npm;C:\Program Files\Java\jdk-23.0.1;D:\voting system\apache-maven-3.9.9\bin;C:\Program Files\Java\jdk-23.0.1\bin;C:\Users\mv\AppData\Local\Programs\Microsoft VS Code\bin;C:\Program Files\JetBrains\IntelliJ IDEA 2024.3.2\bin;;C:\Users\mv\AppData\Local\Programs\Python\Python313;C:\Users\mv\Downloads\opencv\build\java\x64;
USERNAME=mv
OS=Windows_NT
PROCESSOR_IDENTIFIER=Intel64 Family 6 Model 58 Stepping 9, GenuineIntel
TMP=C:\Users\mv\AppData\Local\Temp
TEMP=C:\Users\mv\AppData\Local\Temp




Periodic native trim disabled

---------------  S Y S T E M  ---------------

OS:
 Windows 10 , 64 bit Build 19041 (10.0.19041.3636)
OS uptime: 0 days 0:52 hours

CPU: total 4 (initial active 4) (2 cores per cpu, 2 threads per core) family 6 model 58 stepping 9 microcode 0x21, cx8, cmov, fxsr, ht, mmx, sse, sse2, sse3, ssse3, sse4.1, sse4.2, popcnt, tsc, tscinvbit, avx, erms, clmul, vzeroupper, clflush, rdtscp, f16c
Processor Information for the first 4 processors :
  Max Mhz: 3300, Current Mhz: 3300, Mhz Limit: 3300

Memory: 4k page, system-wide physical 8076M (1534M free)
TotalPageFile size 12100M (AvailPageFile size 2410M)
current process WorkingSet (physical memory assigned to process): 1077M, peak: 2000M
current process commit charge ("private bytes"): 1250M, peak: 3664M

vm_info: Java HotSpot(TM) 64-Bit Server VM (23.0.1+11-39) for windows-amd64 JRE (23.0.1+11-39), built on 2024-09-30T07:20:43Z with MS VC++ 17.6 (VS2022)

END.
